1696226180128|2|statement|connection 106|url jdbc:h2:mem:5938ed18-8594-49ab-9e9a-e1cfd02207ec|drop table if exists answer cascade |drop table if exists answer cascade 
1696226180130|0|statement|connection 106|url jdbc:h2:mem:5938ed18-8594-49ab-9e9a-e1cfd02207ec|drop table if exists board cascade |drop table if exists board cascade 
1696226180131|0|statement|connection 106|url jdbc:h2:mem:5938ed18-8594-49ab-9e9a-e1cfd02207ec|drop table if exists board_hashtag cascade |drop table if exists board_hashtag cascade 
1696226180131|0|statement|connection 106|url jdbc:h2:mem:5938ed18-8594-49ab-9e9a-e1cfd02207ec|drop table if exists comment cascade |drop table if exists comment cascade 
1696226180132|0|statement|connection 106|url jdbc:h2:mem:5938ed18-8594-49ab-9e9a-e1cfd02207ec|drop table if exists hashtag cascade |drop table if exists hashtag cascade 
1696226180132|0|statement|connection 106|url jdbc:h2:mem:5938ed18-8594-49ab-9e9a-e1cfd02207ec|drop table if exists media cascade |drop table if exists media cascade 
1696226180133|1|statement|connection 106|url jdbc:h2:mem:5938ed18-8594-49ab-9e9a-e1cfd02207ec|drop table if exists member cascade |drop table if exists member cascade 
1696226180134|0|statement|connection 106|url jdbc:h2:mem:5938ed18-8594-49ab-9e9a-e1cfd02207ec|drop table if exists member_roles cascade |drop table if exists member_roles cascade 
1696226180135|0|statement|connection 106|url jdbc:h2:mem:5938ed18-8594-49ab-9e9a-e1cfd02207ec|drop table if exists member_mention cascade |drop table if exists member_mention cascade 
1696226180138|2|statement|connection 106|url jdbc:h2:mem:5938ed18-8594-49ab-9e9a-e1cfd02207ec|drop table if exists pet cascade |drop table if exists pet cascade 
1696226180142|3|statement|connection 106|url jdbc:h2:mem:5938ed18-8594-49ab-9e9a-e1cfd02207ec|drop table if exists question cascade |drop table if exists question cascade 
1696226180144|1|statement|connection 106|url jdbc:h2:mem:5938ed18-8594-49ab-9e9a-e1cfd02207ec|drop table if exists recommend cascade |drop table if exists recommend cascade 
1696226180145|0|statement|connection 106|url jdbc:h2:mem:5938ed18-8594-49ab-9e9a-e1cfd02207ec|drop table if exists reply cascade |drop table if exists reply cascade 
1696226180146|0|statement|connection 106|url jdbc:h2:mem:5938ed18-8594-49ab-9e9a-e1cfd02207ec|drop table if exists schedule cascade |drop table if exists schedule cascade 
1696226180147|1|statement|connection 106|url jdbc:h2:mem:5938ed18-8594-49ab-9e9a-e1cfd02207ec|drop table if exists schedule_member cascade |drop table if exists schedule_member cascade 
1696226180148|0|statement|connection 106|url jdbc:h2:mem:5938ed18-8594-49ab-9e9a-e1cfd02207ec|drop table if exists sos cascade |drop table if exists sos cascade 
1696226180149|0|statement|connection 106|url jdbc:h2:mem:5938ed18-8594-49ab-9e9a-e1cfd02207ec|drop table if exists story cascade |drop table if exists story cascade 
1696226180149|0|statement|connection 106|url jdbc:h2:mem:5938ed18-8594-49ab-9e9a-e1cfd02207ec|drop table if exists team cascade |drop table if exists team cascade 
1696226180150|0|statement|connection 106|url jdbc:h2:mem:5938ed18-8594-49ab-9e9a-e1cfd02207ec|drop table if exists team_member cascade |drop table if exists team_member cascade 
1696226180151|0|statement|connection 106|url jdbc:h2:mem:5938ed18-8594-49ab-9e9a-e1cfd02207ec|drop sequence if exists board_hashtag_seq|drop sequence if exists board_hashtag_seq
1696226180152|0|statement|connection 106|url jdbc:h2:mem:5938ed18-8594-49ab-9e9a-e1cfd02207ec|drop sequence if exists board_seq|drop sequence if exists board_seq
1696226180153|0|statement|connection 106|url jdbc:h2:mem:5938ed18-8594-49ab-9e9a-e1cfd02207ec|drop sequence if exists comment_seq|drop sequence if exists comment_seq
1696226180153|0|statement|connection 106|url jdbc:h2:mem:5938ed18-8594-49ab-9e9a-e1cfd02207ec|drop sequence if exists hashtag_seq|drop sequence if exists hashtag_seq
1696226180153|0|statement|connection 106|url jdbc:h2:mem:5938ed18-8594-49ab-9e9a-e1cfd02207ec|drop sequence if exists media_seq|drop sequence if exists media_seq
1696226180154|0|statement|connection 106|url jdbc:h2:mem:5938ed18-8594-49ab-9e9a-e1cfd02207ec|drop sequence if exists member_mention_seq|drop sequence if exists member_mention_seq
1696226180154|0|statement|connection 106|url jdbc:h2:mem:5938ed18-8594-49ab-9e9a-e1cfd02207ec|drop sequence if exists member_seq|drop sequence if exists member_seq
1696226180154|0|statement|connection 106|url jdbc:h2:mem:5938ed18-8594-49ab-9e9a-e1cfd02207ec|drop sequence if exists pet_seq|drop sequence if exists pet_seq
1696226180154|0|statement|connection 106|url jdbc:h2:mem:5938ed18-8594-49ab-9e9a-e1cfd02207ec|drop sequence if exists recommend_seq|drop sequence if exists recommend_seq
1696226180155|0|statement|connection 106|url jdbc:h2:mem:5938ed18-8594-49ab-9e9a-e1cfd02207ec|drop sequence if exists reply_seq|drop sequence if exists reply_seq
1696226180155|0|statement|connection 106|url jdbc:h2:mem:5938ed18-8594-49ab-9e9a-e1cfd02207ec|drop sequence if exists schedule_member_seq|drop sequence if exists schedule_member_seq
1696226180155|0|statement|connection 106|url jdbc:h2:mem:5938ed18-8594-49ab-9e9a-e1cfd02207ec|drop sequence if exists schedule_seq|drop sequence if exists schedule_seq
1696226180155|0|statement|connection 106|url jdbc:h2:mem:5938ed18-8594-49ab-9e9a-e1cfd02207ec|drop sequence if exists sos_seq|drop sequence if exists sos_seq
1696226180156|0|statement|connection 106|url jdbc:h2:mem:5938ed18-8594-49ab-9e9a-e1cfd02207ec|drop sequence if exists team_member_seq|drop sequence if exists team_member_seq
1696226180156|0|statement|connection 106|url jdbc:h2:mem:5938ed18-8594-49ab-9e9a-e1cfd02207ec|drop sequence if exists team_seq|drop sequence if exists team_seq
1696226333488|2|statement|connection 108|url jdbc:h2:mem:cd82c45d-108a-40a5-8fc0-6b7967bbfee1|drop table if exists answer cascade |drop table if exists answer cascade 
1696226333493|2|statement|connection 108|url jdbc:h2:mem:cd82c45d-108a-40a5-8fc0-6b7967bbfee1|drop table if exists board cascade |drop table if exists board cascade 
1696226333495|1|statement|connection 108|url jdbc:h2:mem:cd82c45d-108a-40a5-8fc0-6b7967bbfee1|drop table if exists board_hashtag cascade |drop table if exists board_hashtag cascade 
1696226333498|2|statement|connection 108|url jdbc:h2:mem:cd82c45d-108a-40a5-8fc0-6b7967bbfee1|drop table if exists comment cascade |drop table if exists comment cascade 
1696226333498|0|statement|connection 108|url jdbc:h2:mem:cd82c45d-108a-40a5-8fc0-6b7967bbfee1|drop table if exists hashtag cascade |drop table if exists hashtag cascade 
1696226333499|0|statement|connection 108|url jdbc:h2:mem:cd82c45d-108a-40a5-8fc0-6b7967bbfee1|drop table if exists media cascade |drop table if exists media cascade 
1696226333500|1|statement|connection 108|url jdbc:h2:mem:cd82c45d-108a-40a5-8fc0-6b7967bbfee1|drop table if exists member cascade |drop table if exists member cascade 
1696226333501|0|statement|connection 108|url jdbc:h2:mem:cd82c45d-108a-40a5-8fc0-6b7967bbfee1|drop table if exists member_roles cascade |drop table if exists member_roles cascade 
1696226333502|1|statement|connection 108|url jdbc:h2:mem:cd82c45d-108a-40a5-8fc0-6b7967bbfee1|drop table if exists member_mention cascade |drop table if exists member_mention cascade 
1696226333504|1|statement|connection 108|url jdbc:h2:mem:cd82c45d-108a-40a5-8fc0-6b7967bbfee1|drop table if exists pet cascade |drop table if exists pet cascade 
1696226333505|0|statement|connection 108|url jdbc:h2:mem:cd82c45d-108a-40a5-8fc0-6b7967bbfee1|drop table if exists question cascade |drop table if exists question cascade 
1696226333507|0|statement|connection 108|url jdbc:h2:mem:cd82c45d-108a-40a5-8fc0-6b7967bbfee1|drop table if exists recommend cascade |drop table if exists recommend cascade 
1696226333507|0|statement|connection 108|url jdbc:h2:mem:cd82c45d-108a-40a5-8fc0-6b7967bbfee1|drop table if exists reply cascade |drop table if exists reply cascade 
1696226333510|2|statement|connection 108|url jdbc:h2:mem:cd82c45d-108a-40a5-8fc0-6b7967bbfee1|drop table if exists schedule cascade |drop table if exists schedule cascade 
1696226333511|0|statement|connection 108|url jdbc:h2:mem:cd82c45d-108a-40a5-8fc0-6b7967bbfee1|drop table if exists schedule_member cascade |drop table if exists schedule_member cascade 
1696226333511|0|statement|connection 108|url jdbc:h2:mem:cd82c45d-108a-40a5-8fc0-6b7967bbfee1|drop table if exists sos cascade |drop table if exists sos cascade 
1696226333512|0|statement|connection 108|url jdbc:h2:mem:cd82c45d-108a-40a5-8fc0-6b7967bbfee1|drop table if exists story cascade |drop table if exists story cascade 
1696226333513|0|statement|connection 108|url jdbc:h2:mem:cd82c45d-108a-40a5-8fc0-6b7967bbfee1|drop table if exists team cascade |drop table if exists team cascade 
1696226333513|0|statement|connection 108|url jdbc:h2:mem:cd82c45d-108a-40a5-8fc0-6b7967bbfee1|drop table if exists team_member cascade |drop table if exists team_member cascade 
1696226333514|0|statement|connection 108|url jdbc:h2:mem:cd82c45d-108a-40a5-8fc0-6b7967bbfee1|drop sequence if exists board_hashtag_seq|drop sequence if exists board_hashtag_seq
1696226333514|0|statement|connection 108|url jdbc:h2:mem:cd82c45d-108a-40a5-8fc0-6b7967bbfee1|drop sequence if exists board_seq|drop sequence if exists board_seq
1696226333514|0|statement|connection 108|url jdbc:h2:mem:cd82c45d-108a-40a5-8fc0-6b7967bbfee1|drop sequence if exists comment_seq|drop sequence if exists comment_seq
1696226333514|0|statement|connection 108|url jdbc:h2:mem:cd82c45d-108a-40a5-8fc0-6b7967bbfee1|drop sequence if exists hashtag_seq|drop sequence if exists hashtag_seq
1696226333515|0|statement|connection 108|url jdbc:h2:mem:cd82c45d-108a-40a5-8fc0-6b7967bbfee1|drop sequence if exists media_seq|drop sequence if exists media_seq
1696226333515|0|statement|connection 108|url jdbc:h2:mem:cd82c45d-108a-40a5-8fc0-6b7967bbfee1|drop sequence if exists member_mention_seq|drop sequence if exists member_mention_seq
1696226333515|0|statement|connection 108|url jdbc:h2:mem:cd82c45d-108a-40a5-8fc0-6b7967bbfee1|drop sequence if exists member_seq|drop sequence if exists member_seq
1696226333515|0|statement|connection 108|url jdbc:h2:mem:cd82c45d-108a-40a5-8fc0-6b7967bbfee1|drop sequence if exists pet_seq|drop sequence if exists pet_seq
1696226333516|0|statement|connection 108|url jdbc:h2:mem:cd82c45d-108a-40a5-8fc0-6b7967bbfee1|drop sequence if exists recommend_seq|drop sequence if exists recommend_seq
1696226333516|0|statement|connection 108|url jdbc:h2:mem:cd82c45d-108a-40a5-8fc0-6b7967bbfee1|drop sequence if exists reply_seq|drop sequence if exists reply_seq
1696226333516|0|statement|connection 108|url jdbc:h2:mem:cd82c45d-108a-40a5-8fc0-6b7967bbfee1|drop sequence if exists schedule_member_seq|drop sequence if exists schedule_member_seq
1696226333516|0|statement|connection 108|url jdbc:h2:mem:cd82c45d-108a-40a5-8fc0-6b7967bbfee1|drop sequence if exists schedule_seq|drop sequence if exists schedule_seq
1696226333517|0|statement|connection 108|url jdbc:h2:mem:cd82c45d-108a-40a5-8fc0-6b7967bbfee1|drop sequence if exists sos_seq|drop sequence if exists sos_seq
1696226333517|0|statement|connection 108|url jdbc:h2:mem:cd82c45d-108a-40a5-8fc0-6b7967bbfee1|drop sequence if exists team_member_seq|drop sequence if exists team_member_seq
1696226333517|0|statement|connection 108|url jdbc:h2:mem:cd82c45d-108a-40a5-8fc0-6b7967bbfee1|drop sequence if exists team_seq|drop sequence if exists team_seq
1696226410081|0|statement|connection 108|url jdbc:h2:mem:53b1dde5-fce3-4e70-bc65-3b7bab8ecef9|drop table if exists answer cascade |drop table if exists answer cascade 
1696226410085|2|statement|connection 108|url jdbc:h2:mem:53b1dde5-fce3-4e70-bc65-3b7bab8ecef9|drop table if exists board cascade |drop table if exists board cascade 
1696226410087|1|statement|connection 108|url jdbc:h2:mem:53b1dde5-fce3-4e70-bc65-3b7bab8ecef9|drop table if exists board_hashtag cascade |drop table if exists board_hashtag cascade 
1696226410088|0|statement|connection 108|url jdbc:h2:mem:53b1dde5-fce3-4e70-bc65-3b7bab8ecef9|drop table if exists comment cascade |drop table if exists comment cascade 
1696226410089|0|statement|connection 108|url jdbc:h2:mem:53b1dde5-fce3-4e70-bc65-3b7bab8ecef9|drop table if exists hashtag cascade |drop table if exists hashtag cascade 
1696226410089|0|statement|connection 108|url jdbc:h2:mem:53b1dde5-fce3-4e70-bc65-3b7bab8ecef9|drop table if exists media cascade |drop table if exists media cascade 
1696226410090|0|statement|connection 108|url jdbc:h2:mem:53b1dde5-fce3-4e70-bc65-3b7bab8ecef9|drop table if exists member cascade |drop table if exists member cascade 
1696226410091|0|statement|connection 108|url jdbc:h2:mem:53b1dde5-fce3-4e70-bc65-3b7bab8ecef9|drop table if exists member_roles cascade |drop table if exists member_roles cascade 
1696226410092|0|statement|connection 108|url jdbc:h2:mem:53b1dde5-fce3-4e70-bc65-3b7bab8ecef9|drop table if exists member_mention cascade |drop table if exists member_mention cascade 
1696226410092|0|statement|connection 108|url jdbc:h2:mem:53b1dde5-fce3-4e70-bc65-3b7bab8ecef9|drop table if exists pet cascade |drop table if exists pet cascade 
1696226410092|0|statement|connection 108|url jdbc:h2:mem:53b1dde5-fce3-4e70-bc65-3b7bab8ecef9|drop table if exists question cascade |drop table if exists question cascade 
1696226410093|0|statement|connection 108|url jdbc:h2:mem:53b1dde5-fce3-4e70-bc65-3b7bab8ecef9|drop table if exists recommend cascade |drop table if exists recommend cascade 
1696226410093|0|statement|connection 108|url jdbc:h2:mem:53b1dde5-fce3-4e70-bc65-3b7bab8ecef9|drop table if exists reply cascade |drop table if exists reply cascade 
1696226410094|0|statement|connection 108|url jdbc:h2:mem:53b1dde5-fce3-4e70-bc65-3b7bab8ecef9|drop table if exists schedule cascade |drop table if exists schedule cascade 
1696226410095|0|statement|connection 108|url jdbc:h2:mem:53b1dde5-fce3-4e70-bc65-3b7bab8ecef9|drop table if exists schedule_member cascade |drop table if exists schedule_member cascade 
1696226410095|0|statement|connection 108|url jdbc:h2:mem:53b1dde5-fce3-4e70-bc65-3b7bab8ecef9|drop table if exists sos cascade |drop table if exists sos cascade 
1696226410096|0|statement|connection 108|url jdbc:h2:mem:53b1dde5-fce3-4e70-bc65-3b7bab8ecef9|drop table if exists story cascade |drop table if exists story cascade 
1696226410096|0|statement|connection 108|url jdbc:h2:mem:53b1dde5-fce3-4e70-bc65-3b7bab8ecef9|drop table if exists team cascade |drop table if exists team cascade 
1696226410097|0|statement|connection 108|url jdbc:h2:mem:53b1dde5-fce3-4e70-bc65-3b7bab8ecef9|drop table if exists team_member cascade |drop table if exists team_member cascade 
1696226410098|0|statement|connection 108|url jdbc:h2:mem:53b1dde5-fce3-4e70-bc65-3b7bab8ecef9|drop sequence if exists board_hashtag_seq|drop sequence if exists board_hashtag_seq
1696226410099|0|statement|connection 108|url jdbc:h2:mem:53b1dde5-fce3-4e70-bc65-3b7bab8ecef9|drop sequence if exists board_seq|drop sequence if exists board_seq
1696226410100|0|statement|connection 108|url jdbc:h2:mem:53b1dde5-fce3-4e70-bc65-3b7bab8ecef9|drop sequence if exists comment_seq|drop sequence if exists comment_seq
1696226410100|0|statement|connection 108|url jdbc:h2:mem:53b1dde5-fce3-4e70-bc65-3b7bab8ecef9|drop sequence if exists hashtag_seq|drop sequence if exists hashtag_seq
1696226410100|0|statement|connection 108|url jdbc:h2:mem:53b1dde5-fce3-4e70-bc65-3b7bab8ecef9|drop sequence if exists media_seq|drop sequence if exists media_seq
1696226410100|0|statement|connection 108|url jdbc:h2:mem:53b1dde5-fce3-4e70-bc65-3b7bab8ecef9|drop sequence if exists member_mention_seq|drop sequence if exists member_mention_seq
1696226410100|0|statement|connection 108|url jdbc:h2:mem:53b1dde5-fce3-4e70-bc65-3b7bab8ecef9|drop sequence if exists member_seq|drop sequence if exists member_seq
1696226410100|0|statement|connection 108|url jdbc:h2:mem:53b1dde5-fce3-4e70-bc65-3b7bab8ecef9|drop sequence if exists pet_seq|drop sequence if exists pet_seq
1696226410100|0|statement|connection 108|url jdbc:h2:mem:53b1dde5-fce3-4e70-bc65-3b7bab8ecef9|drop sequence if exists recommend_seq|drop sequence if exists recommend_seq
1696226410101|0|statement|connection 108|url jdbc:h2:mem:53b1dde5-fce3-4e70-bc65-3b7bab8ecef9|drop sequence if exists reply_seq|drop sequence if exists reply_seq
1696226410101|0|statement|connection 108|url jdbc:h2:mem:53b1dde5-fce3-4e70-bc65-3b7bab8ecef9|drop sequence if exists schedule_member_seq|drop sequence if exists schedule_member_seq
1696226410102|0|statement|connection 108|url jdbc:h2:mem:53b1dde5-fce3-4e70-bc65-3b7bab8ecef9|drop sequence if exists schedule_seq|drop sequence if exists schedule_seq
1696226410102|0|statement|connection 108|url jdbc:h2:mem:53b1dde5-fce3-4e70-bc65-3b7bab8ecef9|drop sequence if exists sos_seq|drop sequence if exists sos_seq
1696226410102|0|statement|connection 108|url jdbc:h2:mem:53b1dde5-fce3-4e70-bc65-3b7bab8ecef9|drop sequence if exists team_member_seq|drop sequence if exists team_member_seq
1696226410103|0|statement|connection 108|url jdbc:h2:mem:53b1dde5-fce3-4e70-bc65-3b7bab8ecef9|drop sequence if exists team_seq|drop sequence if exists team_seq
1696226607262|0|statement|connection 108|url jdbc:h2:mem:863a965a-c23f-470b-8fa8-fbf6015af1be|drop table if exists answer cascade |drop table if exists answer cascade 
1696226607263|0|statement|connection 108|url jdbc:h2:mem:863a965a-c23f-470b-8fa8-fbf6015af1be|drop table if exists board cascade |drop table if exists board cascade 
1696226607264|0|statement|connection 108|url jdbc:h2:mem:863a965a-c23f-470b-8fa8-fbf6015af1be|drop table if exists board_hashtag cascade |drop table if exists board_hashtag cascade 
1696226607264|0|statement|connection 108|url jdbc:h2:mem:863a965a-c23f-470b-8fa8-fbf6015af1be|drop table if exists comment cascade |drop table if exists comment cascade 
1696226607265|0|statement|connection 108|url jdbc:h2:mem:863a965a-c23f-470b-8fa8-fbf6015af1be|drop table if exists hashtag cascade |drop table if exists hashtag cascade 
1696226607266|0|statement|connection 108|url jdbc:h2:mem:863a965a-c23f-470b-8fa8-fbf6015af1be|drop table if exists media cascade |drop table if exists media cascade 
1696226607268|1|statement|connection 108|url jdbc:h2:mem:863a965a-c23f-470b-8fa8-fbf6015af1be|drop table if exists member cascade |drop table if exists member cascade 
1696226607269|0|statement|connection 108|url jdbc:h2:mem:863a965a-c23f-470b-8fa8-fbf6015af1be|drop table if exists member_roles cascade |drop table if exists member_roles cascade 
1696226607272|2|statement|connection 108|url jdbc:h2:mem:863a965a-c23f-470b-8fa8-fbf6015af1be|drop table if exists member_mention cascade |drop table if exists member_mention cascade 
1696226607275|2|statement|connection 108|url jdbc:h2:mem:863a965a-c23f-470b-8fa8-fbf6015af1be|drop table if exists pet cascade |drop table if exists pet cascade 
1696226607276|0|statement|connection 108|url jdbc:h2:mem:863a965a-c23f-470b-8fa8-fbf6015af1be|drop table if exists question cascade |drop table if exists question cascade 
1696226607277|0|statement|connection 108|url jdbc:h2:mem:863a965a-c23f-470b-8fa8-fbf6015af1be|drop table if exists recommend cascade |drop table if exists recommend cascade 
1696226607277|0|statement|connection 108|url jdbc:h2:mem:863a965a-c23f-470b-8fa8-fbf6015af1be|drop table if exists reply cascade |drop table if exists reply cascade 
1696226607278|0|statement|connection 108|url jdbc:h2:mem:863a965a-c23f-470b-8fa8-fbf6015af1be|drop table if exists schedule cascade |drop table if exists schedule cascade 
1696226607279|0|statement|connection 108|url jdbc:h2:mem:863a965a-c23f-470b-8fa8-fbf6015af1be|drop table if exists schedule_member cascade |drop table if exists schedule_member cascade 
1696226607281|1|statement|connection 108|url jdbc:h2:mem:863a965a-c23f-470b-8fa8-fbf6015af1be|drop table if exists sos cascade |drop table if exists sos cascade 
1696226607281|0|statement|connection 108|url jdbc:h2:mem:863a965a-c23f-470b-8fa8-fbf6015af1be|drop table if exists story cascade |drop table if exists story cascade 
1696226607282|0|statement|connection 108|url jdbc:h2:mem:863a965a-c23f-470b-8fa8-fbf6015af1be|drop table if exists team cascade |drop table if exists team cascade 
1696226607284|1|statement|connection 108|url jdbc:h2:mem:863a965a-c23f-470b-8fa8-fbf6015af1be|drop table if exists team_member cascade |drop table if exists team_member cascade 
1696226607285|0|statement|connection 108|url jdbc:h2:mem:863a965a-c23f-470b-8fa8-fbf6015af1be|drop sequence if exists board_hashtag_seq|drop sequence if exists board_hashtag_seq
1696226607285|0|statement|connection 108|url jdbc:h2:mem:863a965a-c23f-470b-8fa8-fbf6015af1be|drop sequence if exists board_seq|drop sequence if exists board_seq
1696226607286|0|statement|connection 108|url jdbc:h2:mem:863a965a-c23f-470b-8fa8-fbf6015af1be|drop sequence if exists comment_seq|drop sequence if exists comment_seq
1696226607288|0|statement|connection 108|url jdbc:h2:mem:863a965a-c23f-470b-8fa8-fbf6015af1be|drop sequence if exists hashtag_seq|drop sequence if exists hashtag_seq
1696226607289|0|statement|connection 108|url jdbc:h2:mem:863a965a-c23f-470b-8fa8-fbf6015af1be|drop sequence if exists media_seq|drop sequence if exists media_seq
1696226607289|0|statement|connection 108|url jdbc:h2:mem:863a965a-c23f-470b-8fa8-fbf6015af1be|drop sequence if exists member_mention_seq|drop sequence if exists member_mention_seq
1696226607289|0|statement|connection 108|url jdbc:h2:mem:863a965a-c23f-470b-8fa8-fbf6015af1be|drop sequence if exists member_seq|drop sequence if exists member_seq
1696226607290|0|statement|connection 108|url jdbc:h2:mem:863a965a-c23f-470b-8fa8-fbf6015af1be|drop sequence if exists pet_seq|drop sequence if exists pet_seq
1696226607290|0|statement|connection 108|url jdbc:h2:mem:863a965a-c23f-470b-8fa8-fbf6015af1be|drop sequence if exists recommend_seq|drop sequence if exists recommend_seq
1696226607291|0|statement|connection 108|url jdbc:h2:mem:863a965a-c23f-470b-8fa8-fbf6015af1be|drop sequence if exists reply_seq|drop sequence if exists reply_seq
1696226607291|0|statement|connection 108|url jdbc:h2:mem:863a965a-c23f-470b-8fa8-fbf6015af1be|drop sequence if exists schedule_member_seq|drop sequence if exists schedule_member_seq
1696226607291|0|statement|connection 108|url jdbc:h2:mem:863a965a-c23f-470b-8fa8-fbf6015af1be|drop sequence if exists schedule_seq|drop sequence if exists schedule_seq
1696226607291|0|statement|connection 108|url jdbc:h2:mem:863a965a-c23f-470b-8fa8-fbf6015af1be|drop sequence if exists sos_seq|drop sequence if exists sos_seq
1696226607292|0|statement|connection 108|url jdbc:h2:mem:863a965a-c23f-470b-8fa8-fbf6015af1be|drop sequence if exists team_member_seq|drop sequence if exists team_member_seq
1696226607292|0|statement|connection 108|url jdbc:h2:mem:863a965a-c23f-470b-8fa8-fbf6015af1be|drop sequence if exists team_seq|drop sequence if exists team_seq
1696226699694|0|statement|connection 108|url jdbc:h2:mem:7a669dd6-924c-4f42-a6c4-7d872b388f95|drop table if exists answer cascade |drop table if exists answer cascade 
1696226699696|0|statement|connection 108|url jdbc:h2:mem:7a669dd6-924c-4f42-a6c4-7d872b388f95|drop table if exists board cascade |drop table if exists board cascade 
1696226699697|0|statement|connection 108|url jdbc:h2:mem:7a669dd6-924c-4f42-a6c4-7d872b388f95|drop table if exists board_hashtag cascade |drop table if exists board_hashtag cascade 
1696226699697|0|statement|connection 108|url jdbc:h2:mem:7a669dd6-924c-4f42-a6c4-7d872b388f95|drop table if exists comment cascade |drop table if exists comment cascade 
1696226699698|0|statement|connection 108|url jdbc:h2:mem:7a669dd6-924c-4f42-a6c4-7d872b388f95|drop table if exists hashtag cascade |drop table if exists hashtag cascade 
1696226699698|0|statement|connection 108|url jdbc:h2:mem:7a669dd6-924c-4f42-a6c4-7d872b388f95|drop table if exists media cascade |drop table if exists media cascade 
1696226699699|0|statement|connection 108|url jdbc:h2:mem:7a669dd6-924c-4f42-a6c4-7d872b388f95|drop table if exists member cascade |drop table if exists member cascade 
1696226699699|0|statement|connection 108|url jdbc:h2:mem:7a669dd6-924c-4f42-a6c4-7d872b388f95|drop table if exists member_roles cascade |drop table if exists member_roles cascade 
1696226699700|0|statement|connection 108|url jdbc:h2:mem:7a669dd6-924c-4f42-a6c4-7d872b388f95|drop table if exists member_mention cascade |drop table if exists member_mention cascade 
1696226699702|1|statement|connection 108|url jdbc:h2:mem:7a669dd6-924c-4f42-a6c4-7d872b388f95|drop table if exists pet cascade |drop table if exists pet cascade 
1696226699703|0|statement|connection 108|url jdbc:h2:mem:7a669dd6-924c-4f42-a6c4-7d872b388f95|drop table if exists question cascade |drop table if exists question cascade 
1696226699703|0|statement|connection 108|url jdbc:h2:mem:7a669dd6-924c-4f42-a6c4-7d872b388f95|drop table if exists recommend cascade |drop table if exists recommend cascade 
1696226699704|0|statement|connection 108|url jdbc:h2:mem:7a669dd6-924c-4f42-a6c4-7d872b388f95|drop table if exists reply cascade |drop table if exists reply cascade 
1696226699704|0|statement|connection 108|url jdbc:h2:mem:7a669dd6-924c-4f42-a6c4-7d872b388f95|drop table if exists schedule cascade |drop table if exists schedule cascade 
1696226699704|0|statement|connection 108|url jdbc:h2:mem:7a669dd6-924c-4f42-a6c4-7d872b388f95|drop table if exists schedule_member cascade |drop table if exists schedule_member cascade 
1696226699705|0|statement|connection 108|url jdbc:h2:mem:7a669dd6-924c-4f42-a6c4-7d872b388f95|drop table if exists sos cascade |drop table if exists sos cascade 
1696226699705|0|statement|connection 108|url jdbc:h2:mem:7a669dd6-924c-4f42-a6c4-7d872b388f95|drop table if exists story cascade |drop table if exists story cascade 
1696226699707|1|statement|connection 108|url jdbc:h2:mem:7a669dd6-924c-4f42-a6c4-7d872b388f95|drop table if exists team cascade |drop table if exists team cascade 
1696226699708|1|statement|connection 108|url jdbc:h2:mem:7a669dd6-924c-4f42-a6c4-7d872b388f95|drop table if exists team_member cascade |drop table if exists team_member cascade 
1696226699709|0|statement|connection 108|url jdbc:h2:mem:7a669dd6-924c-4f42-a6c4-7d872b388f95|drop sequence if exists board_hashtag_seq|drop sequence if exists board_hashtag_seq
1696226699710|0|statement|connection 108|url jdbc:h2:mem:7a669dd6-924c-4f42-a6c4-7d872b388f95|drop sequence if exists board_seq|drop sequence if exists board_seq
1696226699710|0|statement|connection 108|url jdbc:h2:mem:7a669dd6-924c-4f42-a6c4-7d872b388f95|drop sequence if exists comment_seq|drop sequence if exists comment_seq
1696226699710|0|statement|connection 108|url jdbc:h2:mem:7a669dd6-924c-4f42-a6c4-7d872b388f95|drop sequence if exists hashtag_seq|drop sequence if exists hashtag_seq
1696226699711|0|statement|connection 108|url jdbc:h2:mem:7a669dd6-924c-4f42-a6c4-7d872b388f95|drop sequence if exists media_seq|drop sequence if exists media_seq
1696226699711|0|statement|connection 108|url jdbc:h2:mem:7a669dd6-924c-4f42-a6c4-7d872b388f95|drop sequence if exists member_mention_seq|drop sequence if exists member_mention_seq
1696226699711|0|statement|connection 108|url jdbc:h2:mem:7a669dd6-924c-4f42-a6c4-7d872b388f95|drop sequence if exists member_seq|drop sequence if exists member_seq
1696226699711|0|statement|connection 108|url jdbc:h2:mem:7a669dd6-924c-4f42-a6c4-7d872b388f95|drop sequence if exists pet_seq|drop sequence if exists pet_seq
1696226699712|0|statement|connection 108|url jdbc:h2:mem:7a669dd6-924c-4f42-a6c4-7d872b388f95|drop sequence if exists recommend_seq|drop sequence if exists recommend_seq
1696226699712|0|statement|connection 108|url jdbc:h2:mem:7a669dd6-924c-4f42-a6c4-7d872b388f95|drop sequence if exists reply_seq|drop sequence if exists reply_seq
1696226699712|0|statement|connection 108|url jdbc:h2:mem:7a669dd6-924c-4f42-a6c4-7d872b388f95|drop sequence if exists schedule_member_seq|drop sequence if exists schedule_member_seq
1696226699712|0|statement|connection 108|url jdbc:h2:mem:7a669dd6-924c-4f42-a6c4-7d872b388f95|drop sequence if exists schedule_seq|drop sequence if exists schedule_seq
1696226699712|0|statement|connection 108|url jdbc:h2:mem:7a669dd6-924c-4f42-a6c4-7d872b388f95|drop sequence if exists sos_seq|drop sequence if exists sos_seq
1696226699713|0|statement|connection 108|url jdbc:h2:mem:7a669dd6-924c-4f42-a6c4-7d872b388f95|drop sequence if exists team_member_seq|drop sequence if exists team_member_seq
1696226699713|0|statement|connection 108|url jdbc:h2:mem:7a669dd6-924c-4f42-a6c4-7d872b388f95|drop sequence if exists team_seq|drop sequence if exists team_seq
1696226887383|0|statement|connection 106|url jdbc:h2:mem:9dbeacfe-2673-4685-98f3-7c6d34ffbdb2|drop table if exists answer cascade |drop table if exists answer cascade 
1696226887384|0|statement|connection 106|url jdbc:h2:mem:9dbeacfe-2673-4685-98f3-7c6d34ffbdb2|drop table if exists board cascade |drop table if exists board cascade 
1696226887384|0|statement|connection 106|url jdbc:h2:mem:9dbeacfe-2673-4685-98f3-7c6d34ffbdb2|drop table if exists board_hashtag cascade |drop table if exists board_hashtag cascade 
1696226887385|0|statement|connection 106|url jdbc:h2:mem:9dbeacfe-2673-4685-98f3-7c6d34ffbdb2|drop table if exists comment cascade |drop table if exists comment cascade 
1696226887386|0|statement|connection 106|url jdbc:h2:mem:9dbeacfe-2673-4685-98f3-7c6d34ffbdb2|drop table if exists hashtag cascade |drop table if exists hashtag cascade 
1696226887386|0|statement|connection 106|url jdbc:h2:mem:9dbeacfe-2673-4685-98f3-7c6d34ffbdb2|drop table if exists media cascade |drop table if exists media cascade 
1696226887387|0|statement|connection 106|url jdbc:h2:mem:9dbeacfe-2673-4685-98f3-7c6d34ffbdb2|drop table if exists member cascade |drop table if exists member cascade 
1696226887387|0|statement|connection 106|url jdbc:h2:mem:9dbeacfe-2673-4685-98f3-7c6d34ffbdb2|drop table if exists member_roles cascade |drop table if exists member_roles cascade 
1696226887387|0|statement|connection 106|url jdbc:h2:mem:9dbeacfe-2673-4685-98f3-7c6d34ffbdb2|drop table if exists member_mention cascade |drop table if exists member_mention cascade 
1696226887388|0|statement|connection 106|url jdbc:h2:mem:9dbeacfe-2673-4685-98f3-7c6d34ffbdb2|drop table if exists pet cascade |drop table if exists pet cascade 
1696226887389|0|statement|connection 106|url jdbc:h2:mem:9dbeacfe-2673-4685-98f3-7c6d34ffbdb2|drop table if exists question cascade |drop table if exists question cascade 
1696226887389|0|statement|connection 106|url jdbc:h2:mem:9dbeacfe-2673-4685-98f3-7c6d34ffbdb2|drop table if exists recommend cascade |drop table if exists recommend cascade 
1696226887390|0|statement|connection 106|url jdbc:h2:mem:9dbeacfe-2673-4685-98f3-7c6d34ffbdb2|drop table if exists reply cascade |drop table if exists reply cascade 
1696226887391|0|statement|connection 106|url jdbc:h2:mem:9dbeacfe-2673-4685-98f3-7c6d34ffbdb2|drop table if exists schedule cascade |drop table if exists schedule cascade 
1696226887391|0|statement|connection 106|url jdbc:h2:mem:9dbeacfe-2673-4685-98f3-7c6d34ffbdb2|drop table if exists schedule_member cascade |drop table if exists schedule_member cascade 
1696226887391|0|statement|connection 106|url jdbc:h2:mem:9dbeacfe-2673-4685-98f3-7c6d34ffbdb2|drop table if exists sos cascade |drop table if exists sos cascade 
1696226887391|0|statement|connection 106|url jdbc:h2:mem:9dbeacfe-2673-4685-98f3-7c6d34ffbdb2|drop table if exists story cascade |drop table if exists story cascade 
1696226887391|0|statement|connection 106|url jdbc:h2:mem:9dbeacfe-2673-4685-98f3-7c6d34ffbdb2|drop table if exists team cascade |drop table if exists team cascade 
1696226887391|0|statement|connection 106|url jdbc:h2:mem:9dbeacfe-2673-4685-98f3-7c6d34ffbdb2|drop table if exists team_member cascade |drop table if exists team_member cascade 
1696226887392|0|statement|connection 106|url jdbc:h2:mem:9dbeacfe-2673-4685-98f3-7c6d34ffbdb2|drop sequence if exists board_hashtag_seq|drop sequence if exists board_hashtag_seq
1696226887392|0|statement|connection 106|url jdbc:h2:mem:9dbeacfe-2673-4685-98f3-7c6d34ffbdb2|drop sequence if exists board_seq|drop sequence if exists board_seq
1696226887392|0|statement|connection 106|url jdbc:h2:mem:9dbeacfe-2673-4685-98f3-7c6d34ffbdb2|drop sequence if exists comment_seq|drop sequence if exists comment_seq
1696226887392|0|statement|connection 106|url jdbc:h2:mem:9dbeacfe-2673-4685-98f3-7c6d34ffbdb2|drop sequence if exists hashtag_seq|drop sequence if exists hashtag_seq
1696226887392|0|statement|connection 106|url jdbc:h2:mem:9dbeacfe-2673-4685-98f3-7c6d34ffbdb2|drop sequence if exists media_seq|drop sequence if exists media_seq
1696226887392|0|statement|connection 106|url jdbc:h2:mem:9dbeacfe-2673-4685-98f3-7c6d34ffbdb2|drop sequence if exists member_mention_seq|drop sequence if exists member_mention_seq
1696226887393|0|statement|connection 106|url jdbc:h2:mem:9dbeacfe-2673-4685-98f3-7c6d34ffbdb2|drop sequence if exists member_seq|drop sequence if exists member_seq
1696226887393|0|statement|connection 106|url jdbc:h2:mem:9dbeacfe-2673-4685-98f3-7c6d34ffbdb2|drop sequence if exists pet_seq|drop sequence if exists pet_seq
1696226887393|0|statement|connection 106|url jdbc:h2:mem:9dbeacfe-2673-4685-98f3-7c6d34ffbdb2|drop sequence if exists recommend_seq|drop sequence if exists recommend_seq
1696226887393|0|statement|connection 106|url jdbc:h2:mem:9dbeacfe-2673-4685-98f3-7c6d34ffbdb2|drop sequence if exists reply_seq|drop sequence if exists reply_seq
1696226887393|0|statement|connection 106|url jdbc:h2:mem:9dbeacfe-2673-4685-98f3-7c6d34ffbdb2|drop sequence if exists schedule_member_seq|drop sequence if exists schedule_member_seq
1696226887393|0|statement|connection 106|url jdbc:h2:mem:9dbeacfe-2673-4685-98f3-7c6d34ffbdb2|drop sequence if exists schedule_seq|drop sequence if exists schedule_seq
1696226887394|0|statement|connection 106|url jdbc:h2:mem:9dbeacfe-2673-4685-98f3-7c6d34ffbdb2|drop sequence if exists sos_seq|drop sequence if exists sos_seq
1696226887394|0|statement|connection 106|url jdbc:h2:mem:9dbeacfe-2673-4685-98f3-7c6d34ffbdb2|drop sequence if exists team_member_seq|drop sequence if exists team_member_seq
1696226887394|0|statement|connection 106|url jdbc:h2:mem:9dbeacfe-2673-4685-98f3-7c6d34ffbdb2|drop sequence if exists team_seq|drop sequence if exists team_seq
1696227244803|0|statement|connection 108|url jdbc:h2:mem:9676fc27-2bf6-4bcc-8cd3-e5d354706e03|drop table if exists answer cascade |drop table if exists answer cascade 
1696227244807|1|statement|connection 108|url jdbc:h2:mem:9676fc27-2bf6-4bcc-8cd3-e5d354706e03|drop table if exists board cascade |drop table if exists board cascade 
1696227244808|0|statement|connection 108|url jdbc:h2:mem:9676fc27-2bf6-4bcc-8cd3-e5d354706e03|drop table if exists board_hashtag cascade |drop table if exists board_hashtag cascade 
1696227244808|0|statement|connection 108|url jdbc:h2:mem:9676fc27-2bf6-4bcc-8cd3-e5d354706e03|drop table if exists comment cascade |drop table if exists comment cascade 
1696227244809|0|statement|connection 108|url jdbc:h2:mem:9676fc27-2bf6-4bcc-8cd3-e5d354706e03|drop table if exists hashtag cascade |drop table if exists hashtag cascade 
1696227244809|0|statement|connection 108|url jdbc:h2:mem:9676fc27-2bf6-4bcc-8cd3-e5d354706e03|drop table if exists media cascade |drop table if exists media cascade 
1696227244810|0|statement|connection 108|url jdbc:h2:mem:9676fc27-2bf6-4bcc-8cd3-e5d354706e03|drop table if exists member cascade |drop table if exists member cascade 
1696227244810|0|statement|connection 108|url jdbc:h2:mem:9676fc27-2bf6-4bcc-8cd3-e5d354706e03|drop table if exists member_roles cascade |drop table if exists member_roles cascade 
1696227244810|0|statement|connection 108|url jdbc:h2:mem:9676fc27-2bf6-4bcc-8cd3-e5d354706e03|drop table if exists member_mention cascade |drop table if exists member_mention cascade 
1696227244811|0|statement|connection 108|url jdbc:h2:mem:9676fc27-2bf6-4bcc-8cd3-e5d354706e03|drop table if exists pet cascade |drop table if exists pet cascade 
1696227244811|0|statement|connection 108|url jdbc:h2:mem:9676fc27-2bf6-4bcc-8cd3-e5d354706e03|drop table if exists question cascade |drop table if exists question cascade 
1696227244811|0|statement|connection 108|url jdbc:h2:mem:9676fc27-2bf6-4bcc-8cd3-e5d354706e03|drop table if exists recommend cascade |drop table if exists recommend cascade 
1696227244812|0|statement|connection 108|url jdbc:h2:mem:9676fc27-2bf6-4bcc-8cd3-e5d354706e03|drop table if exists reply cascade |drop table if exists reply cascade 
1696227244812|0|statement|connection 108|url jdbc:h2:mem:9676fc27-2bf6-4bcc-8cd3-e5d354706e03|drop table if exists schedule cascade |drop table if exists schedule cascade 
1696227244813|0|statement|connection 108|url jdbc:h2:mem:9676fc27-2bf6-4bcc-8cd3-e5d354706e03|drop table if exists schedule_member cascade |drop table if exists schedule_member cascade 
1696227244813|0|statement|connection 108|url jdbc:h2:mem:9676fc27-2bf6-4bcc-8cd3-e5d354706e03|drop table if exists sos cascade |drop table if exists sos cascade 
1696227244813|0|statement|connection 108|url jdbc:h2:mem:9676fc27-2bf6-4bcc-8cd3-e5d354706e03|drop table if exists story cascade |drop table if exists story cascade 
1696227244814|0|statement|connection 108|url jdbc:h2:mem:9676fc27-2bf6-4bcc-8cd3-e5d354706e03|drop table if exists team cascade |drop table if exists team cascade 
1696227244814|0|statement|connection 108|url jdbc:h2:mem:9676fc27-2bf6-4bcc-8cd3-e5d354706e03|drop table if exists team_member cascade |drop table if exists team_member cascade 
1696227244815|0|statement|connection 108|url jdbc:h2:mem:9676fc27-2bf6-4bcc-8cd3-e5d354706e03|drop sequence if exists board_hashtag_seq|drop sequence if exists board_hashtag_seq
1696227244816|0|statement|connection 108|url jdbc:h2:mem:9676fc27-2bf6-4bcc-8cd3-e5d354706e03|drop sequence if exists board_seq|drop sequence if exists board_seq
1696227244817|0|statement|connection 108|url jdbc:h2:mem:9676fc27-2bf6-4bcc-8cd3-e5d354706e03|drop sequence if exists comment_seq|drop sequence if exists comment_seq
1696227244817|0|statement|connection 108|url jdbc:h2:mem:9676fc27-2bf6-4bcc-8cd3-e5d354706e03|drop sequence if exists hashtag_seq|drop sequence if exists hashtag_seq
1696227244817|0|statement|connection 108|url jdbc:h2:mem:9676fc27-2bf6-4bcc-8cd3-e5d354706e03|drop sequence if exists media_seq|drop sequence if exists media_seq
1696227244818|0|statement|connection 108|url jdbc:h2:mem:9676fc27-2bf6-4bcc-8cd3-e5d354706e03|drop sequence if exists member_mention_seq|drop sequence if exists member_mention_seq
1696227244818|0|statement|connection 108|url jdbc:h2:mem:9676fc27-2bf6-4bcc-8cd3-e5d354706e03|drop sequence if exists member_seq|drop sequence if exists member_seq
1696227244818|0|statement|connection 108|url jdbc:h2:mem:9676fc27-2bf6-4bcc-8cd3-e5d354706e03|drop sequence if exists pet_seq|drop sequence if exists pet_seq
1696227244818|0|statement|connection 108|url jdbc:h2:mem:9676fc27-2bf6-4bcc-8cd3-e5d354706e03|drop sequence if exists recommend_seq|drop sequence if exists recommend_seq
1696227244819|0|statement|connection 108|url jdbc:h2:mem:9676fc27-2bf6-4bcc-8cd3-e5d354706e03|drop sequence if exists reply_seq|drop sequence if exists reply_seq
1696227244819|0|statement|connection 108|url jdbc:h2:mem:9676fc27-2bf6-4bcc-8cd3-e5d354706e03|drop sequence if exists schedule_member_seq|drop sequence if exists schedule_member_seq
1696227244819|0|statement|connection 108|url jdbc:h2:mem:9676fc27-2bf6-4bcc-8cd3-e5d354706e03|drop sequence if exists schedule_seq|drop sequence if exists schedule_seq
1696227244820|0|statement|connection 108|url jdbc:h2:mem:9676fc27-2bf6-4bcc-8cd3-e5d354706e03|drop sequence if exists sos_seq|drop sequence if exists sos_seq
1696227244820|0|statement|connection 108|url jdbc:h2:mem:9676fc27-2bf6-4bcc-8cd3-e5d354706e03|drop sequence if exists team_member_seq|drop sequence if exists team_member_seq
1696227244820|0|statement|connection 108|url jdbc:h2:mem:9676fc27-2bf6-4bcc-8cd3-e5d354706e03|drop sequence if exists team_seq|drop sequence if exists team_seq
1696227264283|2|statement|connection 108|url jdbc:h2:mem:c15434a8-569c-43ab-bb4b-b6b8a3974d5d|drop table if exists answer cascade |drop table if exists answer cascade 
1696227264287|2|statement|connection 108|url jdbc:h2:mem:c15434a8-569c-43ab-bb4b-b6b8a3974d5d|drop table if exists board cascade |drop table if exists board cascade 
1696227264288|0|statement|connection 108|url jdbc:h2:mem:c15434a8-569c-43ab-bb4b-b6b8a3974d5d|drop table if exists board_hashtag cascade |drop table if exists board_hashtag cascade 
1696227264289|1|statement|connection 108|url jdbc:h2:mem:c15434a8-569c-43ab-bb4b-b6b8a3974d5d|drop table if exists comment cascade |drop table if exists comment cascade 
1696227264290|0|statement|connection 108|url jdbc:h2:mem:c15434a8-569c-43ab-bb4b-b6b8a3974d5d|drop table if exists hashtag cascade |drop table if exists hashtag cascade 
1696227264292|1|statement|connection 108|url jdbc:h2:mem:c15434a8-569c-43ab-bb4b-b6b8a3974d5d|drop table if exists media cascade |drop table if exists media cascade 
1696227264295|2|statement|connection 108|url jdbc:h2:mem:c15434a8-569c-43ab-bb4b-b6b8a3974d5d|drop table if exists member cascade |drop table if exists member cascade 
1696227264296|0|statement|connection 108|url jdbc:h2:mem:c15434a8-569c-43ab-bb4b-b6b8a3974d5d|drop table if exists member_roles cascade |drop table if exists member_roles cascade 
1696227264297|0|statement|connection 108|url jdbc:h2:mem:c15434a8-569c-43ab-bb4b-b6b8a3974d5d|drop table if exists member_mention cascade |drop table if exists member_mention cascade 
1696227264298|1|statement|connection 108|url jdbc:h2:mem:c15434a8-569c-43ab-bb4b-b6b8a3974d5d|drop table if exists pet cascade |drop table if exists pet cascade 
1696227264300|0|statement|connection 108|url jdbc:h2:mem:c15434a8-569c-43ab-bb4b-b6b8a3974d5d|drop table if exists question cascade |drop table if exists question cascade 
1696227264300|0|statement|connection 108|url jdbc:h2:mem:c15434a8-569c-43ab-bb4b-b6b8a3974d5d|drop table if exists recommend cascade |drop table if exists recommend cascade 
1696227264301|0|statement|connection 108|url jdbc:h2:mem:c15434a8-569c-43ab-bb4b-b6b8a3974d5d|drop table if exists reply cascade |drop table if exists reply cascade 
1696227264301|0|statement|connection 108|url jdbc:h2:mem:c15434a8-569c-43ab-bb4b-b6b8a3974d5d|drop table if exists schedule cascade |drop table if exists schedule cascade 
1696227264302|0|statement|connection 108|url jdbc:h2:mem:c15434a8-569c-43ab-bb4b-b6b8a3974d5d|drop table if exists schedule_member cascade |drop table if exists schedule_member cascade 
1696227264302|0|statement|connection 108|url jdbc:h2:mem:c15434a8-569c-43ab-bb4b-b6b8a3974d5d|drop table if exists sos cascade |drop table if exists sos cascade 
1696227264302|0|statement|connection 108|url jdbc:h2:mem:c15434a8-569c-43ab-bb4b-b6b8a3974d5d|drop table if exists story cascade |drop table if exists story cascade 
1696227264302|0|statement|connection 108|url jdbc:h2:mem:c15434a8-569c-43ab-bb4b-b6b8a3974d5d|drop table if exists team cascade |drop table if exists team cascade 
1696227264303|0|statement|connection 108|url jdbc:h2:mem:c15434a8-569c-43ab-bb4b-b6b8a3974d5d|drop table if exists team_member cascade |drop table if exists team_member cascade 
1696227264303|0|statement|connection 108|url jdbc:h2:mem:c15434a8-569c-43ab-bb4b-b6b8a3974d5d|drop sequence if exists board_hashtag_seq|drop sequence if exists board_hashtag_seq
1696227264303|0|statement|connection 108|url jdbc:h2:mem:c15434a8-569c-43ab-bb4b-b6b8a3974d5d|drop sequence if exists board_seq|drop sequence if exists board_seq
1696227264303|0|statement|connection 108|url jdbc:h2:mem:c15434a8-569c-43ab-bb4b-b6b8a3974d5d|drop sequence if exists comment_seq|drop sequence if exists comment_seq
1696227264303|0|statement|connection 108|url jdbc:h2:mem:c15434a8-569c-43ab-bb4b-b6b8a3974d5d|drop sequence if exists hashtag_seq|drop sequence if exists hashtag_seq
1696227264303|0|statement|connection 108|url jdbc:h2:mem:c15434a8-569c-43ab-bb4b-b6b8a3974d5d|drop sequence if exists media_seq|drop sequence if exists media_seq
1696227264304|0|statement|connection 108|url jdbc:h2:mem:c15434a8-569c-43ab-bb4b-b6b8a3974d5d|drop sequence if exists member_mention_seq|drop sequence if exists member_mention_seq
1696227264304|0|statement|connection 108|url jdbc:h2:mem:c15434a8-569c-43ab-bb4b-b6b8a3974d5d|drop sequence if exists member_seq|drop sequence if exists member_seq
1696227264304|0|statement|connection 108|url jdbc:h2:mem:c15434a8-569c-43ab-bb4b-b6b8a3974d5d|drop sequence if exists pet_seq|drop sequence if exists pet_seq
1696227264304|0|statement|connection 108|url jdbc:h2:mem:c15434a8-569c-43ab-bb4b-b6b8a3974d5d|drop sequence if exists recommend_seq|drop sequence if exists recommend_seq
1696227264304|0|statement|connection 108|url jdbc:h2:mem:c15434a8-569c-43ab-bb4b-b6b8a3974d5d|drop sequence if exists reply_seq|drop sequence if exists reply_seq
1696227264304|0|statement|connection 108|url jdbc:h2:mem:c15434a8-569c-43ab-bb4b-b6b8a3974d5d|drop sequence if exists schedule_member_seq|drop sequence if exists schedule_member_seq
1696227264304|0|statement|connection 108|url jdbc:h2:mem:c15434a8-569c-43ab-bb4b-b6b8a3974d5d|drop sequence if exists schedule_seq|drop sequence if exists schedule_seq
1696227264305|0|statement|connection 108|url jdbc:h2:mem:c15434a8-569c-43ab-bb4b-b6b8a3974d5d|drop sequence if exists sos_seq|drop sequence if exists sos_seq
1696227264305|0|statement|connection 108|url jdbc:h2:mem:c15434a8-569c-43ab-bb4b-b6b8a3974d5d|drop sequence if exists team_member_seq|drop sequence if exists team_member_seq
1696227264305|0|statement|connection 108|url jdbc:h2:mem:c15434a8-569c-43ab-bb4b-b6b8a3974d5d|drop sequence if exists team_seq|drop sequence if exists team_seq
1696227322424|0|statement|connection 108|url jdbc:h2:mem:82d8ec38-f57e-4de1-9e76-932bb7b08d0a|drop table if exists answer cascade |drop table if exists answer cascade 
1696227322426|1|statement|connection 108|url jdbc:h2:mem:82d8ec38-f57e-4de1-9e76-932bb7b08d0a|drop table if exists board cascade |drop table if exists board cascade 
1696227322428|1|statement|connection 108|url jdbc:h2:mem:82d8ec38-f57e-4de1-9e76-932bb7b08d0a|drop table if exists board_hashtag cascade |drop table if exists board_hashtag cascade 
1696227322429|1|statement|connection 108|url jdbc:h2:mem:82d8ec38-f57e-4de1-9e76-932bb7b08d0a|drop table if exists comment cascade |drop table if exists comment cascade 
1696227322432|1|statement|connection 108|url jdbc:h2:mem:82d8ec38-f57e-4de1-9e76-932bb7b08d0a|drop table if exists hashtag cascade |drop table if exists hashtag cascade 
1696227322433|0|statement|connection 108|url jdbc:h2:mem:82d8ec38-f57e-4de1-9e76-932bb7b08d0a|drop table if exists media cascade |drop table if exists media cascade 
1696227322434|1|statement|connection 108|url jdbc:h2:mem:82d8ec38-f57e-4de1-9e76-932bb7b08d0a|drop table if exists member cascade |drop table if exists member cascade 
1696227322435|0|statement|connection 108|url jdbc:h2:mem:82d8ec38-f57e-4de1-9e76-932bb7b08d0a|drop table if exists member_roles cascade |drop table if exists member_roles cascade 
1696227322436|0|statement|connection 108|url jdbc:h2:mem:82d8ec38-f57e-4de1-9e76-932bb7b08d0a|drop table if exists member_mention cascade |drop table if exists member_mention cascade 
1696227322437|0|statement|connection 108|url jdbc:h2:mem:82d8ec38-f57e-4de1-9e76-932bb7b08d0a|drop table if exists pet cascade |drop table if exists pet cascade 
1696227322437|0|statement|connection 108|url jdbc:h2:mem:82d8ec38-f57e-4de1-9e76-932bb7b08d0a|drop table if exists question cascade |drop table if exists question cascade 
1696227322439|1|statement|connection 108|url jdbc:h2:mem:82d8ec38-f57e-4de1-9e76-932bb7b08d0a|drop table if exists recommend cascade |drop table if exists recommend cascade 
1696227322440|0|statement|connection 108|url jdbc:h2:mem:82d8ec38-f57e-4de1-9e76-932bb7b08d0a|drop table if exists reply cascade |drop table if exists reply cascade 
1696227322441|0|statement|connection 108|url jdbc:h2:mem:82d8ec38-f57e-4de1-9e76-932bb7b08d0a|drop table if exists schedule cascade |drop table if exists schedule cascade 
1696227322441|0|statement|connection 108|url jdbc:h2:mem:82d8ec38-f57e-4de1-9e76-932bb7b08d0a|drop table if exists schedule_member cascade |drop table if exists schedule_member cascade 
1696227322442|0|statement|connection 108|url jdbc:h2:mem:82d8ec38-f57e-4de1-9e76-932bb7b08d0a|drop table if exists sos cascade |drop table if exists sos cascade 
1696227322442|0|statement|connection 108|url jdbc:h2:mem:82d8ec38-f57e-4de1-9e76-932bb7b08d0a|drop table if exists story cascade |drop table if exists story cascade 
1696227322442|0|statement|connection 108|url jdbc:h2:mem:82d8ec38-f57e-4de1-9e76-932bb7b08d0a|drop table if exists team cascade |drop table if exists team cascade 
1696227322443|0|statement|connection 108|url jdbc:h2:mem:82d8ec38-f57e-4de1-9e76-932bb7b08d0a|drop table if exists team_member cascade |drop table if exists team_member cascade 
1696227322443|0|statement|connection 108|url jdbc:h2:mem:82d8ec38-f57e-4de1-9e76-932bb7b08d0a|drop sequence if exists board_hashtag_seq|drop sequence if exists board_hashtag_seq
1696227322443|0|statement|connection 108|url jdbc:h2:mem:82d8ec38-f57e-4de1-9e76-932bb7b08d0a|drop sequence if exists board_seq|drop sequence if exists board_seq
1696227322443|0|statement|connection 108|url jdbc:h2:mem:82d8ec38-f57e-4de1-9e76-932bb7b08d0a|drop sequence if exists comment_seq|drop sequence if exists comment_seq
1696227322444|0|statement|connection 108|url jdbc:h2:mem:82d8ec38-f57e-4de1-9e76-932bb7b08d0a|drop sequence if exists hashtag_seq|drop sequence if exists hashtag_seq
1696227322444|0|statement|connection 108|url jdbc:h2:mem:82d8ec38-f57e-4de1-9e76-932bb7b08d0a|drop sequence if exists media_seq|drop sequence if exists media_seq
1696227322444|0|statement|connection 108|url jdbc:h2:mem:82d8ec38-f57e-4de1-9e76-932bb7b08d0a|drop sequence if exists member_mention_seq|drop sequence if exists member_mention_seq
1696227322444|0|statement|connection 108|url jdbc:h2:mem:82d8ec38-f57e-4de1-9e76-932bb7b08d0a|drop sequence if exists member_seq|drop sequence if exists member_seq
1696227322445|0|statement|connection 108|url jdbc:h2:mem:82d8ec38-f57e-4de1-9e76-932bb7b08d0a|drop sequence if exists pet_seq|drop sequence if exists pet_seq
1696227322445|0|statement|connection 108|url jdbc:h2:mem:82d8ec38-f57e-4de1-9e76-932bb7b08d0a|drop sequence if exists recommend_seq|drop sequence if exists recommend_seq
1696227322445|0|statement|connection 108|url jdbc:h2:mem:82d8ec38-f57e-4de1-9e76-932bb7b08d0a|drop sequence if exists reply_seq|drop sequence if exists reply_seq
1696227322445|0|statement|connection 108|url jdbc:h2:mem:82d8ec38-f57e-4de1-9e76-932bb7b08d0a|drop sequence if exists schedule_member_seq|drop sequence if exists schedule_member_seq
1696227322446|0|statement|connection 108|url jdbc:h2:mem:82d8ec38-f57e-4de1-9e76-932bb7b08d0a|drop sequence if exists schedule_seq|drop sequence if exists schedule_seq
1696227322446|0|statement|connection 108|url jdbc:h2:mem:82d8ec38-f57e-4de1-9e76-932bb7b08d0a|drop sequence if exists sos_seq|drop sequence if exists sos_seq
1696227322446|0|statement|connection 108|url jdbc:h2:mem:82d8ec38-f57e-4de1-9e76-932bb7b08d0a|drop sequence if exists team_member_seq|drop sequence if exists team_member_seq
1696227322446|0|statement|connection 108|url jdbc:h2:mem:82d8ec38-f57e-4de1-9e76-932bb7b08d0a|drop sequence if exists team_seq|drop sequence if exists team_seq
1696227435441|0|statement|connection 108|url jdbc:h2:mem:b7a81899-aa08-44da-9ed6-c4003d1b7d60|drop table if exists answer cascade |drop table if exists answer cascade 
1696227435445|1|statement|connection 108|url jdbc:h2:mem:b7a81899-aa08-44da-9ed6-c4003d1b7d60|drop table if exists board cascade |drop table if exists board cascade 
1696227435446|0|statement|connection 108|url jdbc:h2:mem:b7a81899-aa08-44da-9ed6-c4003d1b7d60|drop table if exists board_hashtag cascade |drop table if exists board_hashtag cascade 
1696227435448|1|statement|connection 108|url jdbc:h2:mem:b7a81899-aa08-44da-9ed6-c4003d1b7d60|drop table if exists comment cascade |drop table if exists comment cascade 
1696227435448|0|statement|connection 108|url jdbc:h2:mem:b7a81899-aa08-44da-9ed6-c4003d1b7d60|drop table if exists hashtag cascade |drop table if exists hashtag cascade 
1696227435449|0|statement|connection 108|url jdbc:h2:mem:b7a81899-aa08-44da-9ed6-c4003d1b7d60|drop table if exists media cascade |drop table if exists media cascade 
1696227435451|1|statement|connection 108|url jdbc:h2:mem:b7a81899-aa08-44da-9ed6-c4003d1b7d60|drop table if exists member cascade |drop table if exists member cascade 
1696227435453|1|statement|connection 108|url jdbc:h2:mem:b7a81899-aa08-44da-9ed6-c4003d1b7d60|drop table if exists member_roles cascade |drop table if exists member_roles cascade 
1696227435455|1|statement|connection 108|url jdbc:h2:mem:b7a81899-aa08-44da-9ed6-c4003d1b7d60|drop table if exists member_mention cascade |drop table if exists member_mention cascade 
1696227435456|0|statement|connection 108|url jdbc:h2:mem:b7a81899-aa08-44da-9ed6-c4003d1b7d60|drop table if exists pet cascade |drop table if exists pet cascade 
1696227435456|0|statement|connection 108|url jdbc:h2:mem:b7a81899-aa08-44da-9ed6-c4003d1b7d60|drop table if exists question cascade |drop table if exists question cascade 
1696227435456|0|statement|connection 108|url jdbc:h2:mem:b7a81899-aa08-44da-9ed6-c4003d1b7d60|drop table if exists recommend cascade |drop table if exists recommend cascade 
1696227435457|0|statement|connection 108|url jdbc:h2:mem:b7a81899-aa08-44da-9ed6-c4003d1b7d60|drop table if exists reply cascade |drop table if exists reply cascade 
1696227435458|0|statement|connection 108|url jdbc:h2:mem:b7a81899-aa08-44da-9ed6-c4003d1b7d60|drop table if exists schedule cascade |drop table if exists schedule cascade 
1696227435459|0|statement|connection 108|url jdbc:h2:mem:b7a81899-aa08-44da-9ed6-c4003d1b7d60|drop table if exists schedule_member cascade |drop table if exists schedule_member cascade 
1696227435459|0|statement|connection 108|url jdbc:h2:mem:b7a81899-aa08-44da-9ed6-c4003d1b7d60|drop table if exists sos cascade |drop table if exists sos cascade 
1696227435460|0|statement|connection 108|url jdbc:h2:mem:b7a81899-aa08-44da-9ed6-c4003d1b7d60|drop table if exists story cascade |drop table if exists story cascade 
1696227435460|0|statement|connection 108|url jdbc:h2:mem:b7a81899-aa08-44da-9ed6-c4003d1b7d60|drop table if exists team cascade |drop table if exists team cascade 
1696227435460|0|statement|connection 108|url jdbc:h2:mem:b7a81899-aa08-44da-9ed6-c4003d1b7d60|drop table if exists team_member cascade |drop table if exists team_member cascade 
1696227435461|0|statement|connection 108|url jdbc:h2:mem:b7a81899-aa08-44da-9ed6-c4003d1b7d60|drop sequence if exists board_hashtag_seq|drop sequence if exists board_hashtag_seq
1696227435461|0|statement|connection 108|url jdbc:h2:mem:b7a81899-aa08-44da-9ed6-c4003d1b7d60|drop sequence if exists board_seq|drop sequence if exists board_seq
1696227435461|0|statement|connection 108|url jdbc:h2:mem:b7a81899-aa08-44da-9ed6-c4003d1b7d60|drop sequence if exists comment_seq|drop sequence if exists comment_seq
1696227435461|0|statement|connection 108|url jdbc:h2:mem:b7a81899-aa08-44da-9ed6-c4003d1b7d60|drop sequence if exists hashtag_seq|drop sequence if exists hashtag_seq
1696227435461|0|statement|connection 108|url jdbc:h2:mem:b7a81899-aa08-44da-9ed6-c4003d1b7d60|drop sequence if exists media_seq|drop sequence if exists media_seq
1696227435462|0|statement|connection 108|url jdbc:h2:mem:b7a81899-aa08-44da-9ed6-c4003d1b7d60|drop sequence if exists member_mention_seq|drop sequence if exists member_mention_seq
1696227435462|0|statement|connection 108|url jdbc:h2:mem:b7a81899-aa08-44da-9ed6-c4003d1b7d60|drop sequence if exists member_seq|drop sequence if exists member_seq
1696227435462|0|statement|connection 108|url jdbc:h2:mem:b7a81899-aa08-44da-9ed6-c4003d1b7d60|drop sequence if exists pet_seq|drop sequence if exists pet_seq
1696227435462|0|statement|connection 108|url jdbc:h2:mem:b7a81899-aa08-44da-9ed6-c4003d1b7d60|drop sequence if exists recommend_seq|drop sequence if exists recommend_seq
1696227435462|0|statement|connection 108|url jdbc:h2:mem:b7a81899-aa08-44da-9ed6-c4003d1b7d60|drop sequence if exists reply_seq|drop sequence if exists reply_seq
1696227435462|0|statement|connection 108|url jdbc:h2:mem:b7a81899-aa08-44da-9ed6-c4003d1b7d60|drop sequence if exists schedule_member_seq|drop sequence if exists schedule_member_seq
1696227435462|0|statement|connection 108|url jdbc:h2:mem:b7a81899-aa08-44da-9ed6-c4003d1b7d60|drop sequence if exists schedule_seq|drop sequence if exists schedule_seq
1696227435463|0|statement|connection 108|url jdbc:h2:mem:b7a81899-aa08-44da-9ed6-c4003d1b7d60|drop sequence if exists sos_seq|drop sequence if exists sos_seq
1696227435463|0|statement|connection 108|url jdbc:h2:mem:b7a81899-aa08-44da-9ed6-c4003d1b7d60|drop sequence if exists team_member_seq|drop sequence if exists team_member_seq
1696227435463|0|statement|connection 108|url jdbc:h2:mem:b7a81899-aa08-44da-9ed6-c4003d1b7d60|drop sequence if exists team_seq|drop sequence if exists team_seq
1696228241994|0|statement|connection 339|url jdbc:h2:mem:1cbc9538-3fdf-4ed1-846c-59fd68a57790|drop table if exists answer cascade |drop table if exists answer cascade 
1696228241995|0|statement|connection 339|url jdbc:h2:mem:1cbc9538-3fdf-4ed1-846c-59fd68a57790|drop table if exists board cascade |drop table if exists board cascade 
1696228241995|0|statement|connection 339|url jdbc:h2:mem:1cbc9538-3fdf-4ed1-846c-59fd68a57790|drop table if exists board_hashtag cascade |drop table if exists board_hashtag cascade 
1696228241995|0|statement|connection 339|url jdbc:h2:mem:1cbc9538-3fdf-4ed1-846c-59fd68a57790|drop table if exists comment cascade |drop table if exists comment cascade 
1696228241996|0|statement|connection 339|url jdbc:h2:mem:1cbc9538-3fdf-4ed1-846c-59fd68a57790|drop table if exists hashtag cascade |drop table if exists hashtag cascade 
1696228241996|0|statement|connection 339|url jdbc:h2:mem:1cbc9538-3fdf-4ed1-846c-59fd68a57790|drop table if exists media cascade |drop table if exists media cascade 
1696228241996|0|statement|connection 339|url jdbc:h2:mem:1cbc9538-3fdf-4ed1-846c-59fd68a57790|drop table if exists member cascade |drop table if exists member cascade 
1696228241997|0|statement|connection 339|url jdbc:h2:mem:1cbc9538-3fdf-4ed1-846c-59fd68a57790|drop table if exists member_roles cascade |drop table if exists member_roles cascade 
1696228241997|0|statement|connection 339|url jdbc:h2:mem:1cbc9538-3fdf-4ed1-846c-59fd68a57790|drop table if exists member_mention cascade |drop table if exists member_mention cascade 
1696228241997|0|statement|connection 339|url jdbc:h2:mem:1cbc9538-3fdf-4ed1-846c-59fd68a57790|drop table if exists pet cascade |drop table if exists pet cascade 
1696228241997|0|statement|connection 339|url jdbc:h2:mem:1cbc9538-3fdf-4ed1-846c-59fd68a57790|drop table if exists question cascade |drop table if exists question cascade 
1696228241997|0|statement|connection 339|url jdbc:h2:mem:1cbc9538-3fdf-4ed1-846c-59fd68a57790|drop table if exists recommend cascade |drop table if exists recommend cascade 
1696228241998|0|statement|connection 339|url jdbc:h2:mem:1cbc9538-3fdf-4ed1-846c-59fd68a57790|drop table if exists reply cascade |drop table if exists reply cascade 
1696228241998|0|statement|connection 339|url jdbc:h2:mem:1cbc9538-3fdf-4ed1-846c-59fd68a57790|drop table if exists schedule cascade |drop table if exists schedule cascade 
1696228241998|0|statement|connection 339|url jdbc:h2:mem:1cbc9538-3fdf-4ed1-846c-59fd68a57790|drop table if exists schedule_member cascade |drop table if exists schedule_member cascade 
1696228241998|0|statement|connection 339|url jdbc:h2:mem:1cbc9538-3fdf-4ed1-846c-59fd68a57790|drop table if exists sos cascade |drop table if exists sos cascade 
1696228241998|0|statement|connection 339|url jdbc:h2:mem:1cbc9538-3fdf-4ed1-846c-59fd68a57790|drop table if exists story cascade |drop table if exists story cascade 
1696228241999|0|statement|connection 339|url jdbc:h2:mem:1cbc9538-3fdf-4ed1-846c-59fd68a57790|drop table if exists team cascade |drop table if exists team cascade 
1696228241999|0|statement|connection 339|url jdbc:h2:mem:1cbc9538-3fdf-4ed1-846c-59fd68a57790|drop table if exists team_member cascade |drop table if exists team_member cascade 
1696228241999|0|statement|connection 339|url jdbc:h2:mem:1cbc9538-3fdf-4ed1-846c-59fd68a57790|drop sequence if exists board_hashtag_seq|drop sequence if exists board_hashtag_seq
1696228241999|0|statement|connection 339|url jdbc:h2:mem:1cbc9538-3fdf-4ed1-846c-59fd68a57790|drop sequence if exists board_seq|drop sequence if exists board_seq
1696228241999|0|statement|connection 339|url jdbc:h2:mem:1cbc9538-3fdf-4ed1-846c-59fd68a57790|drop sequence if exists comment_seq|drop sequence if exists comment_seq
1696228241999|0|statement|connection 339|url jdbc:h2:mem:1cbc9538-3fdf-4ed1-846c-59fd68a57790|drop sequence if exists hashtag_seq|drop sequence if exists hashtag_seq
1696228241999|0|statement|connection 339|url jdbc:h2:mem:1cbc9538-3fdf-4ed1-846c-59fd68a57790|drop sequence if exists media_seq|drop sequence if exists media_seq
1696228241999|0|statement|connection 339|url jdbc:h2:mem:1cbc9538-3fdf-4ed1-846c-59fd68a57790|drop sequence if exists member_mention_seq|drop sequence if exists member_mention_seq
1696228242000|0|statement|connection 339|url jdbc:h2:mem:1cbc9538-3fdf-4ed1-846c-59fd68a57790|drop sequence if exists member_seq|drop sequence if exists member_seq
1696228242000|0|statement|connection 339|url jdbc:h2:mem:1cbc9538-3fdf-4ed1-846c-59fd68a57790|drop sequence if exists pet_seq|drop sequence if exists pet_seq
1696228242000|0|statement|connection 339|url jdbc:h2:mem:1cbc9538-3fdf-4ed1-846c-59fd68a57790|drop sequence if exists recommend_seq|drop sequence if exists recommend_seq
1696228242000|0|statement|connection 339|url jdbc:h2:mem:1cbc9538-3fdf-4ed1-846c-59fd68a57790|drop sequence if exists reply_seq|drop sequence if exists reply_seq
1696228242000|0|statement|connection 339|url jdbc:h2:mem:1cbc9538-3fdf-4ed1-846c-59fd68a57790|drop sequence if exists schedule_member_seq|drop sequence if exists schedule_member_seq
1696228242000|0|statement|connection 339|url jdbc:h2:mem:1cbc9538-3fdf-4ed1-846c-59fd68a57790|drop sequence if exists schedule_seq|drop sequence if exists schedule_seq
1696228242000|0|statement|connection 339|url jdbc:h2:mem:1cbc9538-3fdf-4ed1-846c-59fd68a57790|drop sequence if exists sos_seq|drop sequence if exists sos_seq
1696228242000|0|statement|connection 339|url jdbc:h2:mem:1cbc9538-3fdf-4ed1-846c-59fd68a57790|drop sequence if exists team_member_seq|drop sequence if exists team_member_seq
1696228242000|0|statement|connection 339|url jdbc:h2:mem:1cbc9538-3fdf-4ed1-846c-59fd68a57790|drop sequence if exists team_seq|drop sequence if exists team_seq
1696228292649|0|statement|connection 337|url jdbc:h2:mem:d25ed977-1624-4829-b837-73590a924645|drop table if exists answer cascade |drop table if exists answer cascade 
1696228292650|0|statement|connection 337|url jdbc:h2:mem:d25ed977-1624-4829-b837-73590a924645|drop table if exists board cascade |drop table if exists board cascade 
1696228292650|0|statement|connection 337|url jdbc:h2:mem:d25ed977-1624-4829-b837-73590a924645|drop table if exists board_hashtag cascade |drop table if exists board_hashtag cascade 
1696228292651|0|statement|connection 337|url jdbc:h2:mem:d25ed977-1624-4829-b837-73590a924645|drop table if exists comment cascade |drop table if exists comment cascade 
1696228292651|0|statement|connection 337|url jdbc:h2:mem:d25ed977-1624-4829-b837-73590a924645|drop table if exists hashtag cascade |drop table if exists hashtag cascade 
1696228292651|0|statement|connection 337|url jdbc:h2:mem:d25ed977-1624-4829-b837-73590a924645|drop table if exists media cascade |drop table if exists media cascade 
1696228292652|0|statement|connection 337|url jdbc:h2:mem:d25ed977-1624-4829-b837-73590a924645|drop table if exists member cascade |drop table if exists member cascade 
1696228292652|0|statement|connection 337|url jdbc:h2:mem:d25ed977-1624-4829-b837-73590a924645|drop table if exists member_roles cascade |drop table if exists member_roles cascade 
1696228292652|0|statement|connection 337|url jdbc:h2:mem:d25ed977-1624-4829-b837-73590a924645|drop table if exists member_mention cascade |drop table if exists member_mention cascade 
1696228292653|0|statement|connection 337|url jdbc:h2:mem:d25ed977-1624-4829-b837-73590a924645|drop table if exists pet cascade |drop table if exists pet cascade 
1696228292653|0|statement|connection 337|url jdbc:h2:mem:d25ed977-1624-4829-b837-73590a924645|drop table if exists question cascade |drop table if exists question cascade 
1696228292653|0|statement|connection 337|url jdbc:h2:mem:d25ed977-1624-4829-b837-73590a924645|drop table if exists recommend cascade |drop table if exists recommend cascade 
1696228292653|0|statement|connection 337|url jdbc:h2:mem:d25ed977-1624-4829-b837-73590a924645|drop table if exists reply cascade |drop table if exists reply cascade 
1696228292654|0|statement|connection 337|url jdbc:h2:mem:d25ed977-1624-4829-b837-73590a924645|drop table if exists schedule cascade |drop table if exists schedule cascade 
1696228292654|0|statement|connection 337|url jdbc:h2:mem:d25ed977-1624-4829-b837-73590a924645|drop table if exists schedule_member cascade |drop table if exists schedule_member cascade 
1696228292654|0|statement|connection 337|url jdbc:h2:mem:d25ed977-1624-4829-b837-73590a924645|drop table if exists sos cascade |drop table if exists sos cascade 
1696228292654|0|statement|connection 337|url jdbc:h2:mem:d25ed977-1624-4829-b837-73590a924645|drop table if exists story cascade |drop table if exists story cascade 
1696228292654|0|statement|connection 337|url jdbc:h2:mem:d25ed977-1624-4829-b837-73590a924645|drop table if exists team cascade |drop table if exists team cascade 
1696228292655|0|statement|connection 337|url jdbc:h2:mem:d25ed977-1624-4829-b837-73590a924645|drop table if exists team_member cascade |drop table if exists team_member cascade 
1696228292655|0|statement|connection 337|url jdbc:h2:mem:d25ed977-1624-4829-b837-73590a924645|drop sequence if exists board_hashtag_seq|drop sequence if exists board_hashtag_seq
1696228292655|0|statement|connection 337|url jdbc:h2:mem:d25ed977-1624-4829-b837-73590a924645|drop sequence if exists board_seq|drop sequence if exists board_seq
1696228292655|0|statement|connection 337|url jdbc:h2:mem:d25ed977-1624-4829-b837-73590a924645|drop sequence if exists comment_seq|drop sequence if exists comment_seq
1696228292655|0|statement|connection 337|url jdbc:h2:mem:d25ed977-1624-4829-b837-73590a924645|drop sequence if exists hashtag_seq|drop sequence if exists hashtag_seq
1696228292655|0|statement|connection 337|url jdbc:h2:mem:d25ed977-1624-4829-b837-73590a924645|drop sequence if exists media_seq|drop sequence if exists media_seq
1696228292655|0|statement|connection 337|url jdbc:h2:mem:d25ed977-1624-4829-b837-73590a924645|drop sequence if exists member_mention_seq|drop sequence if exists member_mention_seq
1696228292655|0|statement|connection 337|url jdbc:h2:mem:d25ed977-1624-4829-b837-73590a924645|drop sequence if exists member_seq|drop sequence if exists member_seq
1696228292655|0|statement|connection 337|url jdbc:h2:mem:d25ed977-1624-4829-b837-73590a924645|drop sequence if exists pet_seq|drop sequence if exists pet_seq
1696228292655|0|statement|connection 337|url jdbc:h2:mem:d25ed977-1624-4829-b837-73590a924645|drop sequence if exists recommend_seq|drop sequence if exists recommend_seq
1696228292655|0|statement|connection 337|url jdbc:h2:mem:d25ed977-1624-4829-b837-73590a924645|drop sequence if exists reply_seq|drop sequence if exists reply_seq
1696228292656|0|statement|connection 337|url jdbc:h2:mem:d25ed977-1624-4829-b837-73590a924645|drop sequence if exists schedule_member_seq|drop sequence if exists schedule_member_seq
1696228292656|0|statement|connection 337|url jdbc:h2:mem:d25ed977-1624-4829-b837-73590a924645|drop sequence if exists schedule_seq|drop sequence if exists schedule_seq
1696228292656|0|statement|connection 337|url jdbc:h2:mem:d25ed977-1624-4829-b837-73590a924645|drop sequence if exists sos_seq|drop sequence if exists sos_seq
1696228292656|0|statement|connection 337|url jdbc:h2:mem:d25ed977-1624-4829-b837-73590a924645|drop sequence if exists team_member_seq|drop sequence if exists team_member_seq
1696228292656|0|statement|connection 337|url jdbc:h2:mem:d25ed977-1624-4829-b837-73590a924645|drop sequence if exists team_seq|drop sequence if exists team_seq
